  asm.lab5.cpp
C:\Users\User\Desktop\asm.lab5\asm.lab5\asm.lab5.cpp(8,2): error C4235: использовано нестандартное расширение: ключевое слово "__asm" данной архитектурой не поддерживается
C:\Users\User\Desktop\asm.lab5\asm.lab5\asm.lab5.cpp(10,3): error C2065: fild: необъявленный идентификатор
C:\Users\User\Desktop\asm.lab5\asm.lab5\asm.lab5.cpp(10,8): error C2146: синтаксическая ошибка: отсутствие ";" перед идентификатором "k"
C:\Users\User\Desktop\asm.lab5\asm.lab5\asm.lab5.cpp(11,4): error C2146: синтаксическая ошибка: отсутствие ";" перед идентификатором "fimul"
C:\Users\User\Desktop\asm.lab5\asm.lab5\asm.lab5.cpp(11,4): error C2065: fimul: необъявленный идентификатор
C:\Users\User\Desktop\asm.lab5\asm.lab5\asm.lab5.cpp(11,10): error C2146: синтаксическая ошибка: отсутствие ";" перед идентификатором "two"
C:\Users\User\Desktop\asm.lab5\asm.lab5\asm.lab5.cpp(12,4): error C2146: синтаксическая ошибка: отсутствие ";" перед идентификатором "fisub"
C:\Users\User\Desktop\asm.lab5\asm.lab5\asm.lab5.cpp(12,4): error C2065: fisub: необъявленный идентификатор
C:\Users\User\Desktop\asm.lab5\asm.lab5\asm.lab5.cpp(12,10): error C2146: синтаксическая ошибка: отсутствие ";" перед идентификатором "one"
C:\Users\User\Desktop\asm.lab5\asm.lab5\asm.lab5.cpp(13,4): error C2146: синтаксическая ошибка: отсутствие ";" перед идентификатором "fistp"
C:\Users\User\Desktop\asm.lab5\asm.lab5\asm.lab5.cpp(13,4): error C2065: fistp: необъявленный идентификатор
C:\Users\User\Desktop\asm.lab5\asm.lab5\asm.lab5.cpp(13,10): error C2146: синтаксическая ошибка: отсутствие ";" перед идентификатором "res1"
C:\Users\User\Desktop\asm.lab5\asm.lab5\asm.lab5.cpp(14,4): error C2146: синтаксическая ошибка: отсутствие ";" перед идентификатором "fld"
C:\Users\User\Desktop\asm.lab5\asm.lab5\asm.lab5.cpp(14,4): error C2065: fld: необъявленный идентификатор
C:\Users\User\Desktop\asm.lab5\asm.lab5\asm.lab5.cpp(14,8): error C2146: синтаксическая ошибка: отсутствие ";" перед идентификатором "one"
C:\Users\User\Desktop\asm.lab5\asm.lab5\asm.lab5.cpp(15,4): error C2146: синтаксическая ошибка: отсутствие ";" перед идентификатором "fdiv"
C:\Users\User\Desktop\asm.lab5\asm.lab5\asm.lab5.cpp(15,4): error C2065: fdiv: необъявленный идентификатор
C:\Users\User\Desktop\asm.lab5\asm.lab5\asm.lab5.cpp(15,9): error C2146: синтаксическая ошибка: отсутствие ";" перед идентификатором "res1"
C:\Users\User\Desktop\asm.lab5\asm.lab5\asm.lab5.cpp(16,4): error C2146: синтаксическая ошибка: отсутствие ";" перед идентификатором "fstp"
C:\Users\User\Desktop\asm.lab5\asm.lab5\asm.lab5.cpp(16,4): error C2065: fstp: необъявленный идентификатор
C:\Users\User\Desktop\asm.lab5\asm.lab5\asm.lab5.cpp(16,9): error C2146: синтаксическая ошибка: отсутствие ";" перед идентификатором "sum_element"
C:\Users\User\Desktop\asm.lab5\asm.lab5\asm.lab5.cpp(17,4): error C2146: синтаксическая ошибка: отсутствие ";" перед идентификатором "fld"
C:\Users\User\Desktop\asm.lab5\asm.lab5\asm.lab5.cpp(17,4): error C2065: fld: необъявленный идентификатор
C:\Users\User\Desktop\asm.lab5\asm.lab5\asm.lab5.cpp(17,8): error C2146: синтаксическая ошибка: отсутствие ";" перед идентификатором "sum"
C:\Users\User\Desktop\asm.lab5\asm.lab5\asm.lab5.cpp(18,4): error C2146: синтаксическая ошибка: отсутствие ";" перед идентификатором "fadd"
C:\Users\User\Desktop\asm.lab5\asm.lab5\asm.lab5.cpp(18,4): error C2065: fadd: необъявленный идентификатор
C:\Users\User\Desktop\asm.lab5\asm.lab5\asm.lab5.cpp(18,9): error C2146: синтаксическая ошибка: отсутствие ";" перед идентификатором "sum_element"
C:\Users\User\Desktop\asm.lab5\asm.lab5\asm.lab5.cpp(19,4): error C2146: синтаксическая ошибка: отсутствие ";" перед идентификатором "fild"
C:\Users\User\Desktop\asm.lab5\asm.lab5\asm.lab5.cpp(19,4): error C2065: fild: необъявленный идентификатор
C:\Users\User\Desktop\asm.lab5\asm.lab5\asm.lab5.cpp(19,9): error C2146: синтаксическая ошибка: отсутствие ";" перед идентификатором "i"
C:\Users\User\Desktop\asm.lab5\asm.lab5\asm.lab5.cpp(20,4): error C2146: синтаксическая ошибка: отсутствие ";" перед идентификатором "fild"
C:\Users\User\Desktop\asm.lab5\asm.lab5\asm.lab5.cpp(20,4): error C2065: fild: необъявленный идентификатор
C:\Users\User\Desktop\asm.lab5\asm.lab5\asm.lab5.cpp(20,9): error C2146: синтаксическая ошибка: отсутствие ";" перед идентификатором "k"
C:\Users\User\Desktop\asm.lab5\asm.lab5\asm.lab5.cpp(21,4): error C2146: синтаксическая ошибка: отсутствие ";" перед идентификатором "fcom"
C:\Users\User\Desktop\asm.lab5\asm.lab5\asm.lab5.cpp(21,4): error C2065: fcom: необъявленный идентификатор
C:\Users\User\Desktop\asm.lab5\asm.lab5\asm.lab5.cpp(21,9): error C2146: синтаксическая ошибка: отсутствие ";" перед идентификатором "i"
C:\Users\User\Desktop\asm.lab5\asm.lab5\asm.lab5.cpp(22,4): error C2146: синтаксическая ошибка: отсутствие ";" перед идентификатором "je"
C:\Users\User\Desktop\asm.lab5\asm.lab5\asm.lab5.cpp(22,4): error C2065: je: необъявленный идентификатор
C:\Users\User\Desktop\asm.lab5\asm.lab5\asm.lab5.cpp(22,7): error C2146: синтаксическая ошибка: отсутствие ";" перед идентификатором "end"
C:\Users\User\Desktop\asm.lab5\asm.lab5\asm.lab5.cpp(22,7): error C2065: end: необъявленный идентификатор
C:\Users\User\Desktop\asm.lab5\asm.lab5\asm.lab5.cpp(23,4): error C2146: синтаксическая ошибка: отсутствие ";" перед идентификатором "fadd"
C:\Users\User\Desktop\asm.lab5\asm.lab5\asm.lab5.cpp(23,4): error C2065: fadd: необъявленный идентификатор
C:\Users\User\Desktop\asm.lab5\asm.lab5\asm.lab5.cpp(23,9): error C2146: синтаксическая ошибка: отсутствие ";" перед идентификатором "one"
C:\Users\User\Desktop\asm.lab5\asm.lab5\asm.lab5.cpp(24,4): error C2146: синтаксическая ошибка: отсутствие ";" перед идентификатором "jmp"
C:\Users\User\Desktop\asm.lab5\asm.lab5\asm.lab5.cpp(24,4): error C2065: jmp: необъявленный идентификатор
C:\Users\User\Desktop\asm.lab5\asm.lab5\asm.lab5.cpp(24,8): error C2146: синтаксическая ошибка: отсутствие ";" перед идентификатором "start"
C:\Users\User\Desktop\asm.lab5\asm.lab5\asm.lab5.cpp(24,8): error C2065: start: необъявленный идентификатор
C:\Users\User\Desktop\asm.lab5\asm.lab5\asm.lab5.cpp(25,4): error C2146: синтаксическая ошибка: отсутствие ";" перед идентификатором "end"
C:\Users\User\Desktop\asm.lab5\asm.lab5\asm.lab5.cpp(26,2): error C2059: синтаксическая ошибка: }
